<?xml version="1.0" encoding="UTF-8"?>
<!-- Generated by org.testng.reporters.JUnitReportReporter -->
<testsuite hostname="DESKTOP-TFS1HKJ" failures="0" tests="2" name="testCases.CreateUser" time="1.620" errors="0" timestamp="2021-01-09T22:39:01 CST" skipped="0">
  <testcase classname="testCases.CreateUser" name="creatUsser" time="0.006"/>
  <system-out/>
  <testcase classname="testCases.CreateUser" name="getUserCode" time="1.614"/>
  <system-out/>
</testsuite> <!-- testCases.CreateUser -->
