<?xml version="1.0" encoding="UTF-8"?>
<!-- Generated by org.testng.reporters.JUnitReportReporter -->
<testsuite hostname="DESKTOP-TFS1HKJ" failures="0" tests="2" name="testCases.putUser" time="2.520" errors="0" timestamp="2021-06-27T23:19:12 CDT" skipped="0">
  <testcase classname="testCases.putUser" name="putUser" time="2.517"/>
  <system-out/>
  <testcase classname="testCases.putUser" name="upDateUser" time="0.003"/>
  <system-out/>
</testsuite> <!-- testCases.putUser -->
