<?xml version="1.0" encoding="UTF-8"?>
<!-- Generated by org.testng.reporters.JUnitReportReporter -->
<testsuite hostname="DESKTOP-TFS1HKJ" failures="0" tests="1" name="testCases.GetUsder" time="2.259" errors="0" timestamp="2020-10-12T22:22:26 CDT" skipped="0">
  <testcase classname="testCases.GetUsder" name="getUser" time="2.259"/>
  <system-out/>
</testsuite> <!-- testCases.GetUsder -->
